<?xml version="1.0" encoding="UTF-8"?>
<!-- Generated by org.testng.reporters.JUnitReportReporter -->
<testsuite hostname="IN-PG02P5ZH" failures="0" tests="1" name="GitikaJenkins.JenkinsTest.AddToCartPageTest" time="1.963" errors="0" timestamp="2023-08-09T16:20:47 IST" skipped="0">
  <testcase classname="GitikaJenkins.JenkinsTest.AddToCartPageTest" name="clickitemTest" time="1.963"/>
  <system-out/>
</testsuite> <!-- GitikaJenkins.JenkinsTest.AddToCartPageTest -->
